Flow report for lab7
Mon Apr 15 10:06:53 2019
Quartus Prime Version 18.1.0 Build 625 09/12/2018 SJ Lite Edition


---------------------
; Table of Contents ;
---------------------
  1. Legal Notice
  2. Flow Summary
  3. Flow Settings
  4. Flow Non-Default Global Settings
  5. Flow Elapsed Time
  6. Flow OS Summary
  7. Flow Log
  8. Flow Messages
  9. Flow Suppressed Messages



----------------
; Legal Notice ;
----------------
Copyright (C) 2018  Intel Corporation. All rights reserved.
Your use of Intel Corporation's design tools, logic functions 
and other software and tools, and its AMPP partner logic 
functions, and any output files from any of the foregoing 
(including device programming or simulation files), and any 
associated documentation or information are expressly subject 
to the terms and conditions of the Intel Program License 
Subscription Agreement, the Intel Quartus Prime License Agreement,
the Intel FPGA IP License Agreement, or other applicable license
agreement, including, without limitation, that your use is for
the sole purpose of programming logic devices manufactured by
Intel and sold by Intel or its authorized distributors.  Please
refer to the applicable agreement for further details.



+---------------------------------------------------------------------+
; Flow Summary                                                        ;
+-----------------------+---------------------------------------------+
; Flow Status           ; Successful - Mon Apr 15 10:06:53 2019       ;
; Quartus Prime Version ; 18.1.0 Build 625 09/12/2018 SJ Lite Edition ;
; Revision Name         ; lab7                                        ;
; Top-level Entity Name ; lab7                                        ;
; Family                ; MAX V                                       ;
; Device                ; 5M160ZE64C5                                 ;
; Timing Models         ; Final                                       ;
; Total logic elements  ; 15 / 160 ( 9 % )                            ;
; Total pins            ; 15 / 54 ( 28 % )                            ;
; Total virtual pins    ; 0                                           ;
; UFM blocks            ; 0 / 1 ( 0 % )                               ;
+-----------------------+---------------------------------------------+


+-----------------------------------------+
; Flow Settings                           ;
+-------------------+---------------------+
; Option            ; Setting             ;
+-------------------+---------------------+
; Start date & time ; 04/10/2019 21:10:19 ;
; Main task         ; Compilation         ;
; Revision Name     ; lab7                ;
+-------------------+---------------------+


+----------------------------------------------------------------------------------------------------------------------------------+
; Flow Non-Default Global Settings                                                                                                 ;
+---------------------------------+-------------------------------------------------+---------------+-------------+----------------+
; Assignment Name                 ; Value                                           ; Default Value ; Entity Name ; Section Id     ;
+---------------------------------+-------------------------------------------------+---------------+-------------+----------------+
; COMPILER_SIGNATURE_ID           ; 1098045188160.155490181916236                   ; --            ; --          ; --             ;
; EDA_GENERATE_FUNCTIONAL_NETLIST ; On                                              ; --            ; --          ; eda_simulation ;
; EDA_NETLIST_WRITER_OUTPUT_DIR   ; E:/digitallogic2173310627/lab7/simulation/qsim/ ; --            ; --          ; eda_simulation ;
; EDA_OUTPUT_DATA_FORMAT          ; Verilog Hdl                                     ; --            ; --          ; eda_simulation ;
; EDA_SIMULATION_TOOL             ; ModelSim-Altera (Verilog)                       ; <None>        ; --          ; --             ;
; MAX_CORE_JUNCTION_TEMP          ; 85                                              ; --            ; --          ; --             ;
; MIN_CORE_JUNCTION_TEMP          ; 0                                               ; --            ; --          ; --             ;
; PROJECT_OUTPUT_DIRECTORY        ; output_files                                    ; --            ; --          ; --             ;
+---------------------------------+-------------------------------------------------+---------------+-------------+----------------+


+--------------------------------------------------------------------------------------------------------------------------+
; Flow Elapsed Time                                                                                                        ;
+----------------------+--------------+-------------------------+---------------------+------------------------------------+
; Module Name          ; Elapsed Time ; Average Processors Used ; Peak Virtual Memory ; Total CPU Time (on all processors) ;
+----------------------+--------------+-------------------------+---------------------+------------------------------------+
; Analysis & Synthesis ; 00:00:14     ; 1.0                     ; 4730 MB             ; 00:00:29                           ;
; Fitter               ; 00:00:02     ; 1.0                     ; 5370 MB             ; 00:00:02                           ;
; Assembler            ; 00:00:01     ; 1.0                     ; 4674 MB             ; 00:00:01                           ;
; Timing Analyzer      ; 00:00:01     ; 1.0                     ; 4697 MB             ; 00:00:01                           ;
; EDA Netlist Writer   ; 00:00:00     ; 1.0                     ; 4636 MB             ; 00:00:01                           ;
; EDA Netlist Writer   ; 00:00:01     ; 1.0                     ; 4626 MB             ; 00:00:01                           ;
; EDA Netlist Writer   ; 00:00:01     ; 1.0                     ; 4635 MB             ; 00:00:01                           ;
; EDA Netlist Writer   ; 00:00:01     ; 1.0                     ; 4626 MB             ; 00:00:01                           ;
; EDA Netlist Writer   ; 00:00:01     ; 1.0                     ; 4635 MB             ; 00:00:01                           ;
; EDA Netlist Writer   ; 00:00:00     ; 1.0                     ; 4626 MB             ; 00:00:01                           ;
; EDA Netlist Writer   ; 00:00:01     ; 1.0                     ; 4635 MB             ; 00:00:01                           ;
; Total                ; 00:00:23     ; --                      ; --                  ; 00:00:40                           ;
+----------------------+--------------+-------------------------+---------------------+------------------------------------+


+------------------------------------------------------------------------------------+
; Flow OS Summary                                                                    ;
+----------------------+------------------+------------+------------+----------------+
; Module Name          ; Machine Hostname ; OS Name    ; OS Version ; Processor type ;
+----------------------+------------------+------------+------------+----------------+
; Analysis & Synthesis ; LVCS             ; Windows 10 ; 10.0       ; x86_64         ;
; Fitter               ; LVCS             ; Windows 10 ; 10.0       ; x86_64         ;
; Assembler            ; LVCS             ; Windows 10 ; 10.0       ; x86_64         ;
; Timing Analyzer      ; LVCS             ; Windows 10 ; 10.0       ; x86_64         ;
; EDA Netlist Writer   ; LVCS             ; Windows 10 ; 10.0       ; x86_64         ;
; EDA Netlist Writer   ; LVCS             ; Windows 10 ; 10.0       ; x86_64         ;
; EDA Netlist Writer   ; LVCS             ; Windows 10 ; 10.0       ; x86_64         ;
; EDA Netlist Writer   ; LVCS             ; Windows 10 ; 10.0       ; x86_64         ;
; EDA Netlist Writer   ; LVCS             ; Windows 10 ; 10.0       ; x86_64         ;
; EDA Netlist Writer   ; LVCS             ; Windows 10 ; 10.0       ; x86_64         ;
; EDA Netlist Writer   ; LVCS             ; Windows 10 ; 10.0       ; x86_64         ;
+----------------------+------------------+------------+------------+----------------+


------------
; Flow Log ;
------------
quartus_map --read_settings_files=on --write_settings_files=off lab7 -c lab7
quartus_fit --read_settings_files=off --write_settings_files=off lab7 -c lab7
quartus_asm --read_settings_files=off --write_settings_files=off lab7 -c lab7
quartus_sta lab7 -c lab7
quartus_eda --read_settings_files=off --write_settings_files=off lab7 -c lab7
quartus_eda --gen_testbench --tool=modelsim_oem --format=verilog --write_settings_files=off lab7 -c lab7 --vector_source=C:/Users/LVCS/Desktop/lab7/Waveform.vwf --testbench_file=C:/Users/LVCS/Desktop/lab7/simulation/qsim/Waveform.vwf.vt
quartus_eda --write_settings_files=off --simulation=on --functional=on --flatten_buses=off --tool=modelsim_oem --format=verilog --output_directory=C:/Users/LVCS/Desktop/lab7/simulation/qsim/ lab7 -c lab7
quartus_eda --gen_testbench --tool=modelsim_oem --format=verilog --write_settings_files=off lab7 -c lab7 --vector_source=C:/Users/LVCS/Desktop/lab7/Waveform.vwf --testbench_file=C:/Users/LVCS/Desktop/lab7/simulation/qsim/Waveform.vwf.vt
quartus_eda --write_settings_files=off --simulation=on --functional=on --flatten_buses=off --tool=modelsim_oem --format=verilog --output_directory=C:/Users/LVCS/Desktop/lab7/simulation/qsim/ lab7 -c lab7
quartus_eda --gen_testbench --tool=modelsim_oem --format=verilog --write_settings_files=off lab7 -c lab7 --vector_source=C:/Users/LVCS/Desktop/lab7/Waveform.vwf --testbench_file=C:/Users/LVCS/Desktop/lab7/simulation/qsim/Waveform.vwf.vt
quartus_eda --write_settings_files=off --simulation=on --functional=on --flatten_buses=off --tool=modelsim_oem --format=verilog --output_directory=C:/Users/LVCS/Desktop/lab7/simulation/qsim/ lab7 -c lab7



