Flow report for lab10
Sun May 05 18:31:03 2019
Quartus II 64-Bit Version 13.1.0 Build 162 10/23/2013 SJ Full Version


---------------------
; Table of Contents ;
---------------------
  1. Legal Notice
  2. Flow Summary
  3. Flow Settings
  4. Flow Non-Default Global Settings
  5. Flow Elapsed Time
  6. Flow OS Summary
  7. Flow Log
  8. Flow Messages
  9. Flow Suppressed Messages



----------------
; Legal Notice ;
----------------
Copyright (C) 1991-2013 Altera Corporation
Your use of Altera Corporation's design tools, logic functions 
and other software and tools, and its AMPP partner logic 
functions, and any output files from any of the foregoing 
(including device programming or simulation files), and any 
associated documentation or information are expressly subject 
to the terms and conditions of the Altera Program License 
Subscription Agreement, Altera MegaCore Function License 
Agreement, or other applicable license agreement, including, 
without limitation, that your use is for the sole purpose of 
programming logic devices manufactured by Altera and sold by 
Altera or its authorized distributors.  Please refer to the 
applicable agreement for further details.



+-------------------------------------------------------------------------+
; Flow Summary                                                            ;
+---------------------------+---------------------------------------------+
; Flow Status               ; Successful - Sun May 05 18:31:03 2019       ;
; Quartus II 64-Bit Version ; 13.1.0 Build 162 10/23/2013 SJ Full Version ;
; Revision Name             ; lab10                                       ;
; Top-level Entity Name     ; lab10                                       ;
; Family                    ; MAX V                                       ;
; Device                    ; 5M160ZE64C5                                 ;
; Timing Models             ; Final                                       ;
; Total logic elements      ; 69 / 160 ( 43 % )                           ;
; Total pins                ; 14 / 54 ( 26 % )                            ;
; Total virtual pins        ; 0                                           ;
; UFM blocks                ; 0 / 1 ( 0 % )                               ;
+---------------------------+---------------------------------------------+


+-----------------------------------------+
; Flow Settings                           ;
+-------------------+---------------------+
; Option            ; Setting             ;
+-------------------+---------------------+
; Start date & time ; 05/05/2019 18:30:55 ;
; Main task         ; Compilation         ;
; Revision Name     ; lab10               ;
+-------------------+---------------------+


+-----------------------------------------------------------------------------------------------------------------------------------+
; Flow Non-Default Global Settings                                                                                                  ;
+---------------------------------+--------------------------------------------------+---------------+-------------+----------------+
; Assignment Name                 ; Value                                            ; Default Value ; Entity Name ; Section Id     ;
+---------------------------------+--------------------------------------------------+---------------+-------------+----------------+
; COMPILER_SIGNATURE_ID           ; 100036308790484.155705225502956                  ; --            ; --          ; --             ;
; EDA_GENERATE_FUNCTIONAL_NETLIST ; On                                               ; --            ; --          ; eda_simulation ;
; EDA_NETLIST_WRITER_OUTPUT_DIR   ; E:/digitallogic2173310627/lab10/simulation/qsim/ ; --            ; --          ; eda_simulation ;
; EDA_OUTPUT_DATA_FORMAT          ; Verilog Hdl                                      ; --            ; --          ; eda_simulation ;
; EDA_SIMULATION_TOOL             ; ModelSim-Altera (Verilog)                        ; <None>        ; --          ; --             ;
; MAX_CORE_JUNCTION_TEMP          ; 85                                               ; --            ; --          ; --             ;
; MIN_CORE_JUNCTION_TEMP          ; 0                                                ; --            ; --          ; --             ;
; POWER_PRESET_COOLING_SOLUTION   ; No Heat Sink With Still Air                      ; --            ; --          ; --             ;
; PROJECT_OUTPUT_DIRECTORY        ; output_files                                     ; --            ; --          ; --             ;
+---------------------------------+--------------------------------------------------+---------------+-------------+----------------+


+-------------------------------------------------------------------------------------------------------------------------------+
; Flow Elapsed Time                                                                                                             ;
+---------------------------+--------------+-------------------------+---------------------+------------------------------------+
; Module Name               ; Elapsed Time ; Average Processors Used ; Peak Virtual Memory ; Total CPU Time (on all processors) ;
+---------------------------+--------------+-------------------------+---------------------+------------------------------------+
; Analysis & Synthesis      ; 00:00:01     ; 1.0                     ; 443 MB              ; 00:00:01                           ;
; Fitter                    ; 00:00:01     ; 1.0                     ; 1012 MB             ; 00:00:01                           ;
; Assembler                 ; 00:00:00     ; 1.0                     ; 395 MB              ; 00:00:00                           ;
; TimeQuest Timing Analyzer ; 00:00:00     ; 1.0                     ; 424 MB              ; 00:00:01                           ;
; EDA Netlist Writer        ; 00:00:01     ; 1.0                     ; 385 MB              ; 00:00:00                           ;
; Total                     ; 00:00:03     ; --                      ; --                  ; 00:00:03                           ;
+---------------------------+--------------+-------------------------+---------------------+------------------------------------+


+----------------------------------------------------------------------------------------+
; Flow OS Summary                                                                        ;
+---------------------------+------------------+-----------+------------+----------------+
; Module Name               ; Machine Hostname ; OS Name   ; OS Version ; Processor type ;
+---------------------------+------------------+-----------+------------+----------------+
; Analysis & Synthesis      ; lenovo-PC        ; Windows 7 ; 6.1        ; x86_64         ;
; Fitter                    ; lenovo-PC        ; Windows 7 ; 6.1        ; x86_64         ;
; Assembler                 ; lenovo-PC        ; Windows 7 ; 6.1        ; x86_64         ;
; TimeQuest Timing Analyzer ; lenovo-PC        ; Windows 7 ; 6.1        ; x86_64         ;
; EDA Netlist Writer        ; lenovo-PC        ; Windows 7 ; 6.1        ; x86_64         ;
+---------------------------+------------------+-----------+------------+----------------+


------------
; Flow Log ;
------------
quartus_map --read_settings_files=on --write_settings_files=off lab10 -c lab10
quartus_fit --read_settings_files=off --write_settings_files=off lab10 -c lab10
quartus_asm --read_settings_files=off --write_settings_files=off lab10 -c lab10
quartus_sta lab10 -c lab10
quartus_eda --read_settings_files=off --write_settings_files=off lab10 -c lab10



