Analysis & Synthesis report for lab10
Sun May 05 18:30:56 2019
Quartus II 64-Bit Version 13.1.0 Build 162 10/23/2013 SJ Full Version


---------------------
; Table of Contents ;
---------------------
  1. Legal Notice
  2. Analysis & Synthesis Summary
  3. Analysis & Synthesis Settings
  4. Parallel Compilation
  5. Analysis & Synthesis Source Files Read
  6. Analysis & Synthesis Resource Usage Summary
  7. Analysis & Synthesis Resource Utilization by Entity
  8. Registers Removed During Synthesis
  9. General Register Statistics
 10. Parameter Settings for User Entity Instance: 74163:inst6
 11. Analysis & Synthesis Messages



----------------
; Legal Notice ;
----------------
Copyright (C) 1991-2013 Altera Corporation
Your use of Altera Corporation's design tools, logic functions 
and other software and tools, and its AMPP partner logic 
functions, and any output files from any of the foregoing 
(including device programming or simulation files), and any 
associated documentation or information are expressly subject 
to the terms and conditions of the Altera Program License 
Subscription Agreement, Altera MegaCore Function License 
Agreement, or other applicable license agreement, including, 
without limitation, that your use is for the sole purpose of 
programming logic devices manufactured by Altera and sold by 
Altera or its authorized distributors.  Please refer to the 
applicable agreement for further details.



+---------------------------------------------------------------------------+
; Analysis & Synthesis Summary                                              ;
+-----------------------------+---------------------------------------------+
; Analysis & Synthesis Status ; Successful - Sun May 05 18:30:56 2019       ;
; Quartus II 64-Bit Version   ; 13.1.0 Build 162 10/23/2013 SJ Full Version ;
; Revision Name               ; lab10                                       ;
; Top-level Entity Name       ; lab10                                       ;
; Family                      ; MAX V                                       ;
; Total logic elements        ; 69                                          ;
; Total pins                  ; 14                                          ;
; Total virtual pins          ; 0                                           ;
; UFM blocks                  ; 0 / 1 ( 0 % )                               ;
+-----------------------------+---------------------------------------------+


+----------------------------------------------------------------------------------------------------------------------+
; Analysis & Synthesis Settings                                                                                        ;
+----------------------------------------------------------------------------+--------------------+--------------------+
; Option                                                                     ; Setting            ; Default Value      ;
+----------------------------------------------------------------------------+--------------------+--------------------+
; Device                                                                     ; 5M160ZE64C5        ;                    ;
; Top-level entity name                                                      ; lab10              ; lab10              ;
; Family name                                                                ; MAX V              ; Cyclone IV GX      ;
; Use smart compilation                                                      ; Off                ; Off                ;
; Enable parallel Assembler and TimeQuest Timing Analyzer during compilation ; On                 ; On                 ;
; Enable compact report table                                                ; Off                ; Off                ;
; Restructure Multiplexers                                                   ; Auto               ; Auto               ;
; Create Debugging Nodes for IP Cores                                        ; Off                ; Off                ;
; Preserve fewer node names                                                  ; On                 ; On                 ;
; Disable OpenCore Plus hardware evaluation                                  ; Off                ; Off                ;
; Verilog Version                                                            ; Verilog_2001       ; Verilog_2001       ;
; VHDL Version                                                               ; VHDL_1993          ; VHDL_1993          ;
; State Machine Processing                                                   ; Auto               ; Auto               ;
; Safe State Machine                                                         ; Off                ; Off                ;
; Extract Verilog State Machines                                             ; On                 ; On                 ;
; Extract VHDL State Machines                                                ; On                 ; On                 ;
; Ignore Verilog initial constructs                                          ; Off                ; Off                ;
; Iteration limit for constant Verilog loops                                 ; 5000               ; 5000               ;
; Iteration limit for non-constant Verilog loops                             ; 250                ; 250                ;
; Add Pass-Through Logic to Inferred RAMs                                    ; On                 ; On                 ;
; Infer RAMs from Raw Logic                                                  ; On                 ; On                 ;
; Parallel Synthesis                                                         ; On                 ; On                 ;
; NOT Gate Push-Back                                                         ; On                 ; On                 ;
; Power-Up Don't Care                                                        ; On                 ; On                 ;
; Remove Redundant Logic Cells                                               ; Off                ; Off                ;
; Remove Duplicate Registers                                                 ; On                 ; On                 ;
; Ignore CARRY Buffers                                                       ; Off                ; Off                ;
; Ignore CASCADE Buffers                                                     ; Off                ; Off                ;
; Ignore GLOBAL Buffers                                                      ; Off                ; Off                ;
; Ignore ROW GLOBAL Buffers                                                  ; Off                ; Off                ;
; Ignore LCELL Buffers                                                       ; Off                ; Off                ;
; Ignore SOFT Buffers                                                        ; On                 ; On                 ;
; Limit AHDL Integers to 32 Bits                                             ; Off                ; Off                ;
; Optimization Technique                                                     ; Balanced           ; Balanced           ;
; Carry Chain Length                                                         ; 70                 ; 70                 ;
; Auto Carry Chains                                                          ; On                 ; On                 ;
; Auto Open-Drain Pins                                                       ; On                 ; On                 ;
; Perform WYSIWYG Primitive Resynthesis                                      ; Off                ; Off                ;
; Auto Shift Register Replacement                                            ; Auto               ; Auto               ;
; Allow Shift Register Merging across Hierarchies                            ; Auto               ; Auto               ;
; Auto Clock Enable Replacement                                              ; On                 ; On                 ;
; Allow Synchronous Control Signals                                          ; On                 ; On                 ;
; Force Use of Synchronous Clear Signals                                     ; Off                ; Off                ;
; Auto Resource Sharing                                                      ; Off                ; Off                ;
; Use LogicLock Constraints during Resource Balancing                        ; On                 ; On                 ;
; Ignore translate_off and synthesis_off directives                          ; Off                ; Off                ;
; Report Parameter Settings                                                  ; On                 ; On                 ;
; Report Source Assignments                                                  ; On                 ; On                 ;
; Report Connectivity Checks                                                 ; On                 ; On                 ;
; Ignore Maximum Fan-Out Assignments                                         ; Off                ; Off                ;
; Synchronization Register Chain Length                                      ; 2                  ; 2                  ;
; PowerPlay Power Optimization                                               ; Normal compilation ; Normal compilation ;
; HDL message level                                                          ; Level2             ; Level2             ;
; Suppress Register Optimization Related Messages                            ; Off                ; Off                ;
; Number of Removed Registers Reported in Synthesis Report                   ; 5000               ; 5000               ;
; Number of Swept Nodes Reported in Synthesis Report                         ; 5000               ; 5000               ;
; Number of Inverted Registers Reported in Synthesis Report                  ; 100                ; 100                ;
; Clock MUX Protection                                                       ; On                 ; On                 ;
; Block Design Naming                                                        ; Auto               ; Auto               ;
; Synthesis Effort                                                           ; Auto               ; Auto               ;
; Shift Register Replacement - Allow Asynchronous Clear Signal               ; On                 ; On                 ;
; Pre-Mapping Resynthesis Optimization                                       ; Off                ; Off                ;
; Analysis & Synthesis Message Level                                         ; Medium             ; Medium             ;
; Disable Register Merging Across Hierarchies                                ; Auto               ; Auto               ;
; Synthesis Seed                                                             ; 1                  ; 1                  ;
+----------------------------------------------------------------------------+--------------------+--------------------+


+------------------------------------------+
; Parallel Compilation                     ;
+----------------------------+-------------+
; Processors                 ; Number      ;
+----------------------------+-------------+
; Number detected on machine ; 8           ;
; Maximum allowed            ; 4           ;
;                            ;             ;
; Average used               ; 1.00        ;
; Maximum used               ; 1           ;
;                            ;             ;
; Usage by Processor         ; % Time Used ;
;     Processor 1            ; 100.0%      ;
;     Processors 2-8         ;   0.0%      ;
+----------------------------+-------------+


+-----------------------------------------------------------------------------------------------------------------------------------------------------------------+
; Analysis & Synthesis Source Files Read                                                                                                                          ;
+----------------------------------+-----------------+------------------------------------+-------------------------------------------------------------+---------+
; File Name with User-Entered Path ; Used in Netlist ; File Type                          ; File Name with Absolute Path                                ; Library ;
+----------------------------------+-----------------+------------------------------------+-------------------------------------------------------------+---------+
; seg.v                            ; yes             ; User Verilog HDL File              ; E:/digitallogic2173310627/lab10/seg.v                       ;         ;
; clk_div.v                        ; yes             ; User Verilog HDL File              ; E:/digitallogic2173310627/lab10/clk_div.v                   ;         ;
; lab10.bdf                        ; yes             ; User Block Diagram/Schematic File  ; E:/digitallogic2173310627/lab10/lab10.bdf                   ;         ;
; 74138.bdf                        ; yes             ; Megafunction                       ; d:/altera/13.1/quartus/libraries/others/maxplus2/74138.bdf  ;         ;
; 74163.tdf                        ; yes             ; Megafunction                       ; d:/altera/13.1/quartus/libraries/others/maxplus2/74163.tdf  ;         ;
; aglobal.inc                      ; yes             ; Megafunction                       ; d:/altera/13.1/quartus/libraries/megafunctions/aglobal.inc  ;         ;
; f74163.bdf                       ; yes             ; Megafunction                       ; d:/altera/13.1/quartus/libraries/others/maxplus2/f74163.bdf ;         ;
; 74162.bdf                        ; yes             ; Megafunction                       ; d:/altera/13.1/quartus/libraries/others/maxplus2/74162.bdf  ;         ;
+----------------------------------+-----------------+------------------------------------+-------------------------------------------------------------+---------+


+-----------------------------------------------------+
; Analysis & Synthesis Resource Usage Summary         ;
+---------------------------------------------+-------+
; Resource                                    ; Usage ;
+---------------------------------------------+-------+
; Total logic elements                        ; 69    ;
;     -- Combinational with no register       ; 41    ;
;     -- Register only                        ; 21    ;
;     -- Combinational with a register        ; 7     ;
;                                             ;       ;
; Logic element usage by number of LUT inputs ;       ;
;     -- 4 input functions                    ; 14    ;
;     -- 3 input functions                    ; 10    ;
;     -- 2 input functions                    ; 22    ;
;     -- 1 input functions                    ; 2     ;
;     -- 0 input functions                    ; 0     ;
;                                             ;       ;
; Logic elements by mode                      ;       ;
;     -- normal mode                          ; 47    ;
;     -- arithmetic mode                      ; 22    ;
;     -- qfbk mode                            ; 0     ;
;     -- register cascade mode                ; 0     ;
;     -- synchronous clear/load mode          ; 0     ;
;     -- asynchronous clear/load mode         ; 0     ;
;                                             ;       ;
; Total registers                             ; 28    ;
; Total logic cells in carry chains           ; 24    ;
; I/O pins                                    ; 14    ;
; Maximum fan-out node                        ; PIN7  ;
; Maximum fan-out                             ; 22    ;
; Total fan-out                               ; 195   ;
; Average fan-out                             ; 2.35  ;
+---------------------------------------------+-------+


+--------------------------------------------------------------------------------------------------------------------------------------------------------------------------------------------------------------------------------+
; Analysis & Synthesis Resource Utilization by Entity                                                                                                                                                                            ;
+----------------------------+-------------+--------------+------------+------+--------------+--------------+-------------------+------------------+-----------------+------------+-------------------------------+--------------+
; Compilation Hierarchy Node ; Logic Cells ; LC Registers ; UFM Blocks ; Pins ; Virtual Pins ; LUT-Only LCs ; Register-Only LCs ; LUT/Register LCs ; Carry Chain LCs ; Packed LCs ; Full Hierarchy Name           ; Library Name ;
+----------------------------+-------------+--------------+------------+------+--------------+--------------+-------------------+------------------+-----------------+------------+-------------------------------+--------------+
; |lab10                     ; 69 (1)      ; 28           ; 0          ; 14   ; 0            ; 41 (1)       ; 21 (0)            ; 7 (0)            ; 24 (0)          ; 0 (0)      ; |lab10                        ; work         ;
;    |74138:inst|            ; 6 (6)       ; 0            ; 0          ; 0    ; 0            ; 6 (6)        ; 0 (0)             ; 0 (0)            ; 0 (0)           ; 0 (0)      ; |lab10|74138:inst             ; work         ;
;    |74162:inst99|          ; 4 (4)       ; 4            ; 0          ; 0    ; 0            ; 0 (0)        ; 0 (0)             ; 4 (4)            ; 1 (1)           ; 0 (0)      ; |lab10|74162:inst99           ; work         ;
;    |74163:inst6|           ; 2 (0)       ; 2            ; 0          ; 0    ; 0            ; 0 (0)        ; 0 (0)             ; 2 (0)            ; 2 (0)           ; 0 (0)      ; |lab10|74163:inst6            ; work         ;
;       |f74163:sub|         ; 2 (2)       ; 2            ; 0          ; 0    ; 0            ; 0 (0)        ; 0 (0)             ; 2 (2)            ; 2 (2)           ; 0 (0)      ; |lab10|74163:inst6|f74163:sub ; work         ;
;    |clk_div:inst5|         ; 49 (49)     ; 22           ; 0          ; 0    ; 0            ; 27 (27)      ; 21 (21)           ; 1 (1)            ; 21 (21)         ; 0 (0)      ; |lab10|clk_div:inst5          ; work         ;
;    |seg:inst2|             ; 7 (7)       ; 0            ; 0          ; 0    ; 0            ; 7 (7)        ; 0 (0)             ; 0 (0)            ; 0 (0)           ; 0 (0)      ; |lab10|seg:inst2              ; work         ;
+----------------------------+-------------+--------------+------------+------+--------------+--------------+-------------------+------------------+-----------------+------------+-------------------------------+--------------+
Note: For table entries with two numbers listed, the numbers in parentheses indicate the number of resources of the given type used by the specific entity alone. The numbers listed outside of parentheses indicate the total resources of the given type used by the specific entity and all of its sub-entities in the hierarchy.


+---------------------------------------------------------------------+
; Registers Removed During Synthesis                                  ;
+---------------------------------------+-----------------------------+
; Register name                         ; Reason for Removal          ;
+---------------------------------------+-----------------------------+
; 74163:inst6|f74163:sub|34             ; Merged with 74162:inst99|43 ;
; Total Number of Removed Registers = 1 ;                             ;
+---------------------------------------+-----------------------------+


+------------------------------------------------------+
; General Register Statistics                          ;
+----------------------------------------------+-------+
; Statistic                                    ; Value ;
+----------------------------------------------+-------+
; Total registers                              ; 28    ;
; Number of registers using Synchronous Clear  ; 0     ;
; Number of registers using Synchronous Load   ; 0     ;
; Number of registers using Asynchronous Clear ; 0     ;
; Number of registers using Asynchronous Load  ; 0     ;
; Number of registers using Clock Enable       ; 1     ;
; Number of registers using Preset             ; 0     ;
+----------------------------------------------+-------+


+----------------------------------------------------------+
; Parameter Settings for User Entity Instance: 74163:inst6 ;
+------------------------+-------+-------------------------+
; Parameter Name         ; Value ; Type                    ;
+------------------------+-------+-------------------------+
; DEVICE_FAMILY          ; MAX V ; Untyped                 ;
; AUTO_CARRY_CHAINS      ; ON    ; AUTO_CARRY              ;
; IGNORE_CARRY_BUFFERS   ; OFF   ; IGNORE_CARRY            ;
; AUTO_CASCADE_CHAINS    ; ON    ; AUTO_CASCADE            ;
; IGNORE_CASCADE_BUFFERS ; OFF   ; IGNORE_CASCADE          ;
+------------------------+-------+-------------------------+
Note: In order to hide this table in the UI and the text report file, please set the "Show Parameter Settings in Synthesis Report" option in "Analysis and Synthesis Settings -> More Settings" to "Off".


+-------------------------------+
; Analysis & Synthesis Messages ;
+-------------------------------+
Info: *******************************************************************
Info: Running Quartus II 64-Bit Analysis & Synthesis
    Info: Version 13.1.0 Build 162 10/23/2013 SJ Full Version
    Info: Processing started: Sun May 05 18:30:55 2019
Info: Command: quartus_map --read_settings_files=on --write_settings_files=off lab10 -c lab10
Info (11104): Parallel Compilation has detected 8 hyper-threaded processors. However, the extra hyper-threaded processors will not be used by default. Parallel Compilation will use 4 of the 4 physical processors detected instead.
Info (12021): Found 1 design units, including 1 entities, in source file seg.v
    Info (12023): Found entity 1: seg
Warning (10229): Verilog HDL Expression warning at clk_div.v(8): truncated literal to match 11 bits
Info (12021): Found 1 design units, including 1 entities, in source file clk_div.v
    Info (12023): Found entity 1: clk_div
Info (12021): Found 1 design units, including 1 entities, in source file lab10.bdf
    Info (12023): Found entity 1: lab10
Info (12127): Elaborating entity "lab10" for the top level hierarchy
Warning (275011): Block or symbol "seg" of instance "inst2" overlaps another block or symbol
Warning (275011): Block or symbol "74163" of instance "inst6" overlaps another block or symbol
Info (12128): Elaborating entity "74138" for hierarchy "74138:inst"
Info (12130): Elaborated megafunction instantiation "74138:inst"
Info (12128): Elaborating entity "74163" for hierarchy "74163:inst6"
Info (12130): Elaborated megafunction instantiation "74163:inst6"
Info (12128): Elaborating entity "f74163" for hierarchy "74163:inst6|f74163:sub"
Info (12131): Elaborated megafunction instantiation "74163:inst6|f74163:sub", which is child of megafunction instantiation "74163:inst6"
Info (12128): Elaborating entity "clk_div" for hierarchy "clk_div:inst5"
Warning (10230): Verilog HDL assignment warning at clk_div.v(7): truncated value with size 32 to match size of target (21)
Info (12128): Elaborating entity "seg" for hierarchy "seg:inst2"
Info (12128): Elaborating entity "74162" for hierarchy "74162:inst99"
Info (12130): Elaborated megafunction instantiation "74162:inst99"
Info (18008): Converted 1 single input CARRY primitives to CARRY_SUM primitives
Info (21057): Implemented 83 device resources after synthesis - the final resource count might be different
    Info (21058): Implemented 1 input pins
    Info (21059): Implemented 13 output pins
    Info (21061): Implemented 69 logic cells
Info: Quartus II 64-Bit Analysis & Synthesis was successful. 0 errors, 4 warnings
    Info: Peak virtual memory: 443 megabytes
    Info: Processing ended: Sun May 05 18:30:56 2019
    Info: Elapsed time: 00:00:01
    Info: Total CPU time (on all processors): 00:00:01


